<?xml version="1.0" encoding="UTF-8"?>
<!-- Generated by org.testng.reporters.JUnitReportReporter -->
<testsuite name="Selenium.HomePage" tests="3" time="8.618" ignored="0" failures="0" timestamp="10 Nov 2017 13:19:54 GMT" skipped="0" hostname="ind496" errors="0">
  <testcase name="loginPage" time="4.377" classname="Selenium.HomePage"/>
  <testcase name="loginPage" time="3.678" classname="Selenium.HomePage"/>
  <testcase name="basePageNavigation" time="0.563" classname="Selenium.HomePage"/>
</testsuite> <!-- Selenium.HomePage -->
