<?xml version="1.0" encoding="UTF-8"?>
<!-- Generated by org.testng.reporters.JUnitReportReporter -->
<testsuite name="Selenium.ValidateTest" tests="1" time="1.716" ignored="0" failures="0" timestamp="10 Nov 2017 13:19:54 GMT" skipped="0" hostname="ind496" errors="0">
  <testcase name="validateElementTest" time="1.716" classname="Selenium.ValidateTest"/>
</testsuite> <!-- Selenium.ValidateTest -->
