<?xml version="1.0" encoding="UTF-8"?>
<!-- Generated by org.testng.reporters.JUnitReportReporter -->
<testsuite name="Selenium.HomePage" tests="3" time="0.001" ignored="0" failures="0" timestamp="05 Jan 2018 06:08:55 GMT" skipped="3" hostname="ind496" errors="0">
  <testcase name="loginPage" time="0.000" classname="Selenium.HomePage">
    <skipped/>
  </testcase> <!-- loginPage -->
  <testcase name="basePageNavigation" time="0.001" classname="Selenium.HomePage">
    <skipped/>
  </testcase> <!-- basePageNavigation -->
  <testcase name="loginPage" time="0.000" classname="Selenium.HomePage">
    <skipped/>
  </testcase> <!-- loginPage -->
</testsuite> <!-- Selenium.HomePage -->
